########### array before sorts ###########
0	47.180453	40.587300	44.055606	40.587300	n
1	44.055606	40.587300	44.055606	43.712134	n
2	44.055606	43.712134	31.555488	43.712134	n
3	31.555488	43.712134	31.555488	40.587300	n
4	31.555488	40.587300	28.430641	40.587300	n
5	28.430641	40.587300	28.430641	37.462191	n
6	28.430641	37.462191	22.180713	37.462191	n
7	22.180713	37.462191	22.180713	40.587300	n
8	22.180713	40.587300	19.055606	40.587300	n
9	19.055606	40.587300	19.055606	43.712134	n
10	19.055606	43.712134	6.555738	43.712134	n
11	6.555738	43.712134	6.555738	40.587300	n
12	6.555738	40.587300	3.430641	40.587300	n
13	3.430641	40.587300	3.430641	37.462191	n
14	3.430641	37.462191	0.305547	37.462191	n
15	0.305547	37.462191	0.305547	24.962322	n
16	0.305547	24.962322	3.430641	24.962322	n
17	3.430641	24.962322	3.430641	18.712134	n
18	3.430641	18.712134	6.555738	18.712134	n
19	6.555738	18.712134	6.555738	15.587300	n
20	6.555738	15.587300	9.680584	15.587300	n
21	9.680584	15.587300	9.680584	12.462203	n
22	9.680584	12.462203	12.805678	12.462203	n
23	12.805678	12.462203	12.805678	9.337109	n
24	12.805678	9.337109	15.930772	9.337109	n
25	15.930772	9.337109	15.930772	6.212263	n
26	15.930772	6.212263	19.055606	6.212263	n
27	19.055606	6.212263	19.055606	3.087169	n
28	19.055606	3.087169	22.180713	3.087169	n
29	22.180713	3.087169	22.180713	-0.037928	n
30	22.180713	-0.037928	28.430641	-0.037928	n
31	28.430641	-0.037928	28.430641	3.087169	n
32	28.430641	3.087169	31.555488	3.087169	n
33	31.555488	3.087169	31.555488	6.212263	n
34	31.555488	6.212263	34.680584	6.212263	n
35	34.680584	6.212263	34.680584	9.337109	n
36	34.680584	9.337109	37.805678	9.337109	n
37	37.805678	9.337109	37.805678	12.462203	n
38	37.805678	12.462203	40.930512	12.462203	n
39	40.930512	12.462203	40.930512	15.587300	n
40	40.930512	15.587300	44.055606	15.587300	n
41	44.055606	15.587300	44.055606	18.712134	n
42	44.055606	18.712134	47.180453	18.712134	n
43	47.180453	18.712134	47.180453	24.962322	n
44	47.180453	24.962322	50.305547	24.962322	n
45	50.305547	24.962322	50.305547	37.462191	n
46	50.305547	37.462191	47.180453	37.462191	n
47	47.180125	40.590084	47.181047	37.460869	n
Tolerance=0.050000.
*Exact match for i=0 and j=1.
*i point 47.180453	40.587300	44.055606	40.587300	y
*Exact match for i=1 and j=2.
*i point 44.055606	40.587300	44.055606	43.712134	y
*Exact match for i=2 and j=3.
*i point 44.055606	43.712134	31.555488	43.712134	y
*Exact match for i=3 and j=4.
*i point 31.555488	43.712134	31.555488	40.587300	y
*Exact match for i=4 and j=5.
*i point 31.555488	40.587300	28.430641	40.587300	y
*Exact match for i=5 and j=6.
*i point 28.430641	40.587300	28.430641	37.462191	y
*Exact match for i=6 and j=7.
*i point 28.430641	37.462191	22.180713	37.462191	y
*Exact match for i=7 and j=8.
*i point 22.180713	37.462191	22.180713	40.587300	y
*Exact match for i=8 and j=9.
*i point 22.180713	40.587300	19.055606	40.587300	y
*Exact match for i=9 and j=10.
*i point 19.055606	40.587300	19.055606	43.712134	y
*Exact match for i=10 and j=11.
*i point 19.055606	43.712134	6.555738	43.712134	y
*Exact match for i=11 and j=12.
*i point 6.555738	43.712134	6.555738	40.587300	y
*Exact match for i=12 and j=13.
*i point 6.555738	40.587300	3.430641	40.587300	y
*Exact match for i=13 and j=14.
*i point 3.430641	40.587300	3.430641	37.462191	y
*Exact match for i=14 and j=15.
*i point 3.430641	37.462191	0.305547	37.462191	y
*Exact match for i=15 and j=16.
*i point 0.305547	37.462191	0.305547	24.962322	y
*Exact match for i=16 and j=17.
*i point 0.305547	24.962322	3.430641	24.962322	y
*Exact match for i=17 and j=18.
*i point 3.430641	24.962322	3.430641	18.712134	y
*Exact match for i=18 and j=19.
*i point 3.430641	18.712134	6.555738	18.712134	y
*Exact match for i=19 and j=20.
*i point 6.555738	18.712134	6.555738	15.587300	y
*Exact match for i=20 and j=21.
*i point 6.555738	15.587300	9.680584	15.587300	y
*Exact match for i=21 and j=22.
*i point 9.680584	15.587300	9.680584	12.462203	y
*Exact match for i=22 and j=23.
*i point 9.680584	12.462203	12.805678	12.462203	y
*Exact match for i=23 and j=24.
*i point 12.805678	12.462203	12.805678	9.337109	y
*Exact match for i=24 and j=25.
*i point 12.805678	9.337109	15.930772	9.337109	y
*Exact match for i=25 and j=26.
*i point 15.930772	9.337109	15.930772	6.212263	y
*Exact match for i=26 and j=27.
*i point 15.930772	6.212263	19.055606	6.212263	y
*Exact match for i=27 and j=28.
*i point 19.055606	6.212263	19.055606	3.087169	y
*Exact match for i=28 and j=29.
*i point 19.055606	3.087169	22.180713	3.087169	y
*Exact match for i=29 and j=30.
*i point 22.180713	3.087169	22.180713	-0.037928	y
*Exact match for i=30 and j=31.
*i point 22.180713	-0.037928	28.430641	-0.037928	y
*Exact match for i=31 and j=32.
*i point 28.430641	-0.037928	28.430641	3.087169	y
*Exact match for i=32 and j=33.
*i point 28.430641	3.087169	31.555488	3.087169	y
*Exact match for i=33 and j=34.
*i point 31.555488	3.087169	31.555488	6.212263	y
*Exact match for i=34 and j=35.
*i point 31.555488	6.212263	34.680584	6.212263	y
*Exact match for i=35 and j=36.
*i point 34.680584	6.212263	34.680584	9.337109	y
*Exact match for i=36 and j=37.
*i point 34.680584	9.337109	37.805678	9.337109	y
*Exact match for i=37 and j=38.
*i point 37.805678	9.337109	37.805678	12.462203	y
*Exact match for i=38 and j=39.
*i point 37.805678	12.462203	40.930512	12.462203	y
*Exact match for i=39 and j=40.
*i point 40.930512	12.462203	40.930512	15.587300	y
*Exact match for i=40 and j=41.
*i point 40.930512	15.587300	44.055606	15.587300	y
*Exact match for i=41 and j=42.
*i point 44.055606	15.587300	44.055606	18.712134	y
*Exact match for i=42 and j=43.
*i point 44.055606	18.712134	47.180453	18.712134	y
*Exact match for i=43 and j=44.
*i point 47.180453	18.712134	47.180453	24.962322	y
*Exact match for i=44 and j=45.
*i point 47.180453	24.962322	50.305547	24.962322	y
*Exact match for i=45 and j=46.
*i point 50.305547	24.962322	50.305547	37.462191	y
*Tolerance match for i=46 and j=47. Dist=0.001449
*i point 50.305547	37.462191	47.180453	37.462191	y
	*Before fix for Tolerance 	47.180125	40.590084	47.181047	37.460869	n
	*After fix for Tolerance 	47.180125	40.590084	47.180453	37.462191	n
	*Before flip 	47.180125	40.590084	47.180453	37.462191	y
	*After flip 	47.180453	37.462191	47.180125	40.590084	y
########### array after sorts ###########
0	47.180453	40.587300	44.055606	40.587300	y
1	44.055606	40.587300	44.055606	43.712134	y
2	44.055606	43.712134	31.555488	43.712134	y
3	31.555488	43.712134	31.555488	40.587300	y
4	31.555488	40.587300	28.430641	40.587300	y
5	28.430641	40.587300	28.430641	37.462191	y
6	28.430641	37.462191	22.180713	37.462191	y
7	22.180713	37.462191	22.180713	40.587300	y
8	22.180713	40.587300	19.055606	40.587300	y
9	19.055606	40.587300	19.055606	43.712134	y
10	19.055606	43.712134	6.555738	43.712134	y
11	6.555738	43.712134	6.555738	40.587300	y
12	6.555738	40.587300	3.430641	40.587300	y
13	3.430641	40.587300	3.430641	37.462191	y
14	3.430641	37.462191	0.305547	37.462191	y
15	0.305547	37.462191	0.305547	24.962322	y
16	0.305547	24.962322	3.430641	24.962322	y
17	3.430641	24.962322	3.430641	18.712134	y
18	3.430641	18.712134	6.555738	18.712134	y
19	6.555738	18.712134	6.555738	15.587300	y
20	6.555738	15.587300	9.680584	15.587300	y
21	9.680584	15.587300	9.680584	12.462203	y
22	9.680584	12.462203	12.805678	12.462203	y
23	12.805678	12.462203	12.805678	9.337109	y
24	12.805678	9.337109	15.930772	9.337109	y
25	15.930772	9.337109	15.930772	6.212263	y
26	15.930772	6.212263	19.055606	6.212263	y
27	19.055606	6.212263	19.055606	3.087169	y
28	19.055606	3.087169	22.180713	3.087169	y
29	22.180713	3.087169	22.180713	-0.037928	y
30	22.180713	-0.037928	28.430641	-0.037928	y
31	28.430641	-0.037928	28.430641	3.087169	y
32	28.430641	3.087169	31.555488	3.087169	y
33	31.555488	3.087169	31.555488	6.212263	y
34	31.555488	6.212263	34.680584	6.212263	y
35	34.680584	6.212263	34.680584	9.337109	y
36	34.680584	9.337109	37.805678	9.337109	y
37	37.805678	9.337109	37.805678	12.462203	y
38	37.805678	12.462203	40.930512	12.462203	y
39	40.930512	12.462203	40.930512	15.587300	y
40	40.930512	15.587300	44.055606	15.587300	y
41	44.055606	15.587300	44.055606	18.712134	y
42	44.055606	18.712134	47.180453	18.712134	y
43	47.180453	18.712134	47.180453	24.962322	y
44	47.180453	24.962322	50.305547	24.962322	y
45	50.305547	24.962322	50.305547	37.462191	y
46	50.305547	37.462191	47.180453	37.462191	y
47	47.180453	37.462191	47.180125	40.590084	y
***************
.BOARD_OUTLINE UNOWNED
1.6
0     47.180453     40.587300     0
0     44.055606     40.587300     0
0     44.055606     43.712134     0
0     31.555488     43.712134     0
0     31.555488     40.587300     0
0     28.430641     40.587300     0
0     28.430641     37.462191     0
0     22.180713     37.462191     0
0     22.180713     40.587300     0
0     19.055606     40.587300     0
0     19.055606     43.712134     0
0     6.555738     43.712134     0
0     6.555738     40.587300     0
0     3.430641     40.587300     0
0     3.430641     37.462191     0
0     0.305547     37.462191     0
0     0.305547     24.962322     0
0     3.430641     24.962322     0
0     3.430641     18.712134     0
0     6.555738     18.712134     0
0     6.555738     15.587300     0
0     9.680584     15.587300     0
0     9.680584     12.462203     0
0     12.805678     12.462203     0
0     12.805678     9.337109     0
0     15.930772     9.337109     0
0     15.930772     6.212263     0
0     19.055606     6.212263     0
0     19.055606     3.087169     0
0     22.180713     3.087169     0
0     22.180713     -0.037928     0
0     28.430641     -0.037928     0
0     28.430641     3.087169     0
0     31.555488     3.087169     0
0     31.555488     6.212263     0
0     34.680584     6.212263     0
0     34.680584     9.337109     0
0     37.805678     9.337109     0
0     37.805678     12.462203     0
0     40.930512     12.462203     0
0     40.930512     15.587300     0
0     44.055606     15.587300     0
0     44.055606     18.712134     0
0     47.180453     18.712134     0
0     47.180453     24.962322     0
0     50.305547     24.962322     0
0     50.305547     37.462191     0
0     47.180453     37.462191     0
0     47.180453     40.587300     0
